  Fruit.cpp
  Multiple Objects.cpp
d:\opencv_tut\multiple objects\multiple objects\multiple objects.cpp(48): warning C4244: 'initializing': conversion from 'double' to 'int', possible loss of data
d:\opencv_tut\multiple objects\multiple objects\multiple objects.cpp(78): warning C4474: 'sprintf_s' : too many arguments passed for format string
  d:\opencv_tut\multiple objects\multiple objects\multiple objects.cpp(78): note: placeholders and their parameters expect 0 variadic arguments, but 1 were provided
d:\opencv_tut\multiple objects\multiple objects\multiple objects.cpp(79): warning C4474: 'sprintf_s' : too many arguments passed for format string
  d:\opencv_tut\multiple objects\multiple objects\multiple objects.cpp(79): note: placeholders and their parameters expect 0 variadic arguments, but 1 were provided
d:\opencv_tut\multiple objects\multiple objects\multiple objects.cpp(80): warning C4474: 'sprintf_s' : too many arguments passed for format string
  d:\opencv_tut\multiple objects\multiple objects\multiple objects.cpp(80): note: placeholders and their parameters expect 0 variadic arguments, but 1 were provided
d:\opencv_tut\multiple objects\multiple objects\multiple objects.cpp(81): warning C4474: 'sprintf_s' : too many arguments passed for format string
  d:\opencv_tut\multiple objects\multiple objects\multiple objects.cpp(81): note: placeholders and their parameters expect 0 variadic arguments, but 1 were provided
d:\opencv_tut\multiple objects\multiple objects\multiple objects.cpp(82): warning C4474: 'sprintf_s' : too many arguments passed for format string
  d:\opencv_tut\multiple objects\multiple objects\multiple objects.cpp(82): note: placeholders and their parameters expect 0 variadic arguments, but 1 were provided
d:\opencv_tut\multiple objects\multiple objects\multiple objects.cpp(83): warning C4474: 'sprintf_s' : too many arguments passed for format string
  d:\opencv_tut\multiple objects\multiple objects\multiple objects.cpp(83): note: placeholders and their parameters expect 0 variadic arguments, but 1 were provided
d:\opencv_tut\multiple objects\multiple objects\multiple objects.cpp(141): warning C4267: 'initializing': conversion from 'size_t' to 'int', possible loss of data
d:\opencv_tut\multiple objects\multiple objects\multiple objects.cpp(156): warning C4244: 'argument': conversion from 'double' to 'int', possible loss of data
d:\opencv_tut\multiple objects\multiple objects\multiple objects.cpp(157): warning C4244: 'argument': conversion from 'double' to 'int', possible loss of data
d:\opencv_tut\multiple objects\multiple objects\multiple objects.cpp(194): warning C4267: 'initializing': conversion from 'size_t' to 'int', possible loss of data
d:\opencv_tut\multiple objects\multiple objects\multiple objects.cpp(209): warning C4244: 'argument': conversion from 'double' to 'int', possible loss of data
d:\opencv_tut\multiple objects\multiple objects\multiple objects.cpp(210): warning C4244: 'argument': conversion from 'double' to 'int', possible loss of data
  Generating Code...
  Multiple Objects.vcxproj -> D:\openCV_TUT\Multiple Objects\x64\Debug\Multiple Objects.exe
